0 verbose cli C:\Program Files\nodejs\node.exe C:\Program Files\nodejs\node_modules\npm\bin\npm-cli.js
1 info using npm@10.8.1
2 info using node@v20.16.0
3 silly config load:file:C:\Program Files\nodejs\node_modules\npm\npmrc
4 silly config load:file:C:\Users\thend\alx-pwa-0x01\alx-movie-app\.npmrc
5 silly config load:file:C:\Users\thend\.npmrc
6 silly config load:file:C:\Users\thend\AppData\Roaming\npm\etc\npmrc
7 verbose title npm i webpack
8 verbose argv "i" "--save-dev" "webpack"
9 verbose logfile logs-max:10 dir:C:\Users\thend\alx-pwa-0x01\alx-movie-app\UsersthendAppDataLocalnpm-cache\_logs\2025-02-09T15_02_01_401Z-
10 verbose logfile C:\Users\thend\alx-pwa-0x01\alx-movie-app\UsersthendAppDataLocalnpm-cache\_logs\2025-02-09T15_02_01_401Z-debug-0.log
11 silly packumentCache heap:2197815296 maxSize:549453824 maxEntrySize:274726912
12 silly logfile done cleaning log files
13 silly idealTree buildDeps
14 silly fetch manifest webpack@*
15 silly packumentCache full:https://registry.npmjs.org/webpack cache-miss
16 http fetch GET 200 https://registry.npmjs.org/webpack 6809ms (cache updated)
17 silly packumentCache full:https://registry.npmjs.org/webpack set size:undefined disposed:false
18 silly placeDep ROOT webpack@5.97.1 REPLACE for: alx-movie-app@0.1.0 want: *
19 silly reify moves {}
20 silly audit bulk request {
20 silly audit   '@alloc/quick-lru': [ '5.2.0' ],
20 silly audit   '@ampproject/remapping': [ '2.3.0' ],
20 silly audit   '@babel/code-frame': [ '7.26.2' ],
20 silly audit   '@babel/compat-data': [ '7.26.8' ],
20 silly audit   '@babel/core': [ '7.26.8' ],
20 silly audit   json5: [ '2.2.3', '1.0.2' ],
20 silly audit   semver: [ '6.3.1', '7.6.3' ],
20 silly audit   '@babel/generator': [ '7.26.8' ],
20 silly audit   '@babel/helper-annotate-as-pure': [ '7.25.9' ],
20 silly audit   '@babel/helper-compilation-targets': [ '7.26.5' ],
20 silly audit   'lru-cache': [ '5.1.1', '10.4.3' ],
20 silly audit   '@babel/helper-create-class-features-plugin': [ '7.25.9' ],
20 silly audit   '@babel/helper-create-regexp-features-plugin': [ '7.26.3' ],
20 silly audit   '@babel/helper-define-polyfill-provider': [ '0.6.3' ],
20 silly audit   '@babel/helper-member-expression-to-functions': [ '7.25.9' ],
20 silly audit   '@babel/helper-module-imports': [ '7.25.9' ],
20 silly audit   '@babel/helper-module-transforms': [ '7.26.0' ],
20 silly audit   '@babel/helper-optimise-call-expression': [ '7.25.9' ],
20 silly audit   '@babel/helper-plugin-utils': [ '7.26.5' ],
20 silly audit   '@babel/helper-remap-async-to-generator': [ '7.25.9' ],
20 silly audit   '@babel/helper-replace-supers': [ '7.26.5' ],
20 silly audit   '@babel/helper-skip-transparent-expression-wrappers': [ '7.25.9' ],
20 silly audit   '@babel/helper-string-parser': [ '7.25.9' ],
20 silly audit   '@babel/helper-validator-identifier': [ '7.25.9' ],
20 silly audit   '@babel/helper-validator-option': [ '7.25.9' ],
20 silly audit   '@babel/helper-wrap-function': [ '7.25.9' ],
20 silly audit   '@babel/helpers': [ '7.26.7' ],
20 silly audit   '@babel/parser': [ '7.26.8' ],
20 silly audit   '@babel/plugin-bugfix-firefox-class-in-computed-class-key': [ '7.25.9' ],
20 silly audit   '@babel/plugin-bugfix-safari-class-field-initializer-scope': [ '7.25.9' ],
20 silly audit   '@babel/plugin-bugfix-safari-id-destructuring-collision-in-function-expression': [ '7.25.9' ],
20 silly audit   '@babel/plugin-bugfix-v8-spread-parameters-in-optional-chaining': [ '7.25.9' ],
20 silly audit   '@babel/plugin-bugfix-v8-static-class-fields-redefine-readonly': [ '7.25.9' ],
20 silly audit   '@babel/plugin-proposal-private-property-in-object': [ '7.21.0-placeholder-for-preset-env.2' ],
20 silly audit   '@babel/plugin-syntax-import-assertions': [ '7.26.0' ],
20 silly audit   '@babel/plugin-syntax-import-attributes': [ '7.26.0' ],
20 silly audit   '@babel/plugin-syntax-unicode-sets-regex': [ '7.18.6' ],
20 silly audit   '@babel/plugin-transform-arrow-functions': [ '7.25.9' ],
20 silly audit   '@babel/plugin-transform-async-generator-functions': [ '7.26.8' ],
20 silly audit   '@babel/plugin-transform-async-to-generator': [ '7.25.9' ],
20 silly audit   '@babel/plugin-transform-block-scoped-functions': [ '7.26.5' ],
20 silly audit   '@babel/plugin-transform-block-scoping': [ '7.25.9' ],
20 silly audit   '@babel/plugin-transform-class-properties': [ '7.25.9' ],
20 silly audit   '@babel/plugin-transform-class-static-block': [ '7.26.0' ],
20 silly audit   '@babel/plugin-transform-classes': [ '7.25.9' ],
20 silly audit   globals: [ '11.12.0', '14.0.0' ],
20 silly audit   '@babel/plugin-transform-computed-properties': [ '7.25.9' ],
20 silly audit   '@babel/plugin-transform-destructuring': [ '7.25.9' ],
20 silly audit   '@babel/plugin-transform-dotall-regex': [ '7.25.9' ],
20 silly audit   '@babel/plugin-transform-duplicate-keys': [ '7.25.9' ],
20 silly audit   '@babel/plugin-transform-duplicate-named-capturing-groups-regex': [ '7.25.9' ],
20 silly audit   '@babel/plugin-transform-dynamic-import': [ '7.25.9' ],
20 silly audit   '@babel/plugin-transform-exponentiation-operator': [ '7.26.3' ],
20 silly audit   '@babel/plugin-transform-export-namespace-from': [ '7.25.9' ],
20 silly audit   '@babel/plugin-transform-for-of': [ '7.25.9' ],
20 silly audit   '@babel/plugin-transform-function-name': [ '7.25.9' ],
20 silly audit   '@babel/plugin-transform-json-strings': [ '7.25.9' ],
20 silly audit   '@babel/plugin-transform-literals': [ '7.25.9' ],
20 silly audit   '@babel/plugin-transform-logical-assignment-operators': [ '7.25.9' ],
20 silly audit   '@babel/plugin-transform-member-expression-literals': [ '7.25.9' ],
20 silly audit   '@babel/plugin-transform-modules-amd': [ '7.25.9' ],
20 silly audit   '@babel/plugin-transform-modules-commonjs': [ '7.26.3' ],
20 silly audit   '@babel/plugin-transform-modules-systemjs': [ '7.25.9' ],
20 silly audit   '@babel/plugin-transform-modules-umd': [ '7.25.9' ],
20 silly audit   '@babel/plugin-transform-named-capturing-groups-regex': [ '7.25.9' ],
20 silly audit   '@babel/plugin-transform-new-target': [ '7.25.9' ],
20 silly audit   '@babel/plugin-transform-nullish-coalescing-operator': [ '7.26.6' ],
20 silly audit   '@babel/plugin-transform-numeric-separator': [ '7.25.9' ],
20 silly audit   '@babel/plugin-transform-object-rest-spread': [ '7.25.9' ],
20 silly audit   '@babel/plugin-transform-object-super': [ '7.25.9' ],
20 silly audit   '@babel/plugin-transform-optional-catch-binding': [ '7.25.9' ],
20 silly audit   '@babel/plugin-transform-optional-chaining': [ '7.25.9' ],
20 silly audit   '@babel/plugin-transform-parameters': [ '7.25.9' ],
20 silly audit   '@babel/plugin-transform-private-methods': [ '7.25.9' ],
20 silly audit   '@babel/plugin-transform-private-property-in-object': [ '7.25.9' ],
20 silly audit   '@babel/plugin-transform-property-literals': [ '7.25.9' ],
20 silly audit   '@babel/plugin-transform-regenerator': [ '7.25.9' ],
20 silly audit   '@babel/plugin-transform-regexp-modifiers': [ '7.26.0' ],
20 silly audit   '@babel/plugin-transform-reserved-words': [ '7.25.9' ],
20 silly audit   '@babel/plugin-transform-shorthand-properties': [ '7.25.9' ],
20 silly audit   '@babel/plugin-transform-spread': [ '7.25.9' ],
20 silly audit   '@babel/plugin-transform-sticky-regex': [ '7.25.9' ],
20 silly audit   '@babel/plugin-transform-template-literals': [ '7.26.8' ],
20 silly audit   '@babel/plugin-transform-typeof-symbol': [ '7.26.7' ],
20 silly audit   '@babel/plugin-transform-unicode-escapes': [ '7.25.9' ],
20 silly audit   '@babel/plugin-transform-unicode-property-regex': [ '7.25.9' ],
20 silly audit   '@babel/plugin-transform-unicode-regex': [ '7.25.9' ],
20 silly audit   '@babel/plugin-transform-unicode-sets-regex': [ '7.25.9' ],
20 silly audit   '@babel/preset-env': [ '7.26.8' ],
20 silly audit   '@babel/preset-modules': [ '0.1.6-no-external-plugins' ],
20 silly audit   '@babel/runtime': [ '7.26.7' ],
20 silly audit   '@babel/template': [ '7.26.8' ],
20 silly audit   '@babel/traverse': [ '7.26.8' ],
20 silly audit   '@babel/types': [ '7.26.8' ],
20 silly audit   '@ducanh2912/next-pwa': [ '10.2.9' ],
20 silly audit   'fast-glob': [ '3.3.2', '3.3.3', '3.3.1' ],
20 silly audit   'glob-parent': [ '5.1.2', '6.0.2' ],
20 silly audit   '@emnapi/runtime': [ '1.3.1' ],
20 silly audit   '@eslint-community/eslint-utils': [ '4.4.1' ],
20 silly audit   'eslint-visitor-keys': [ '3.4.3', '4.2.0' ],
20 silly audit   '@eslint-community/regexpp': [ '4.12.1' ],
20 silly audit   '@eslint/config-array': [ '0.19.1' ],
20 silly audit   '@eslint/core': [ '0.10.0' ],
20 silly audit   '@eslint/eslintrc': [ '3.2.0' ],
20 silly audit   '@eslint/js': [ '9.19.0' ],
20 silly audit   '@eslint/object-schema': [ '2.1.5' ],
20 silly audit   '@eslint/plugin-kit': [ '0.2.5' ],
20 silly audit   '@fortawesome/fontawesome-common-types': [ '6.7.2' ],
20 silly audit   '@fortawesome/fontawesome-svg-core': [ '6.7.2' ],
20 silly audit   '@fortawesome/free-brands-svg-icons': [ '6.7.2' ],
20 silly audit   '@fortawesome/react-fontawesome': [ '0.2.2' ],
20 silly audit   '@humanfs/core': [ '0.19.1' ],
20 silly audit   '@humanfs/node': [ '0.16.6' ],
20 silly audit   '@humanwhocodes/retry': [ '0.3.1', '0.4.1' ],
20 silly audit   '@humanwhocodes/module-importer': [ '1.0.1' ],
20 silly audit   '@img/sharp-darwin-arm64': [ '0.33.5' ],
20 silly audit   '@img/sharp-darwin-x64': [ '0.33.5' ],
20 silly audit   '@img/sharp-libvips-darwin-arm64': [ '1.0.4' ],
20 silly audit   '@img/sharp-libvips-darwin-x64': [ '1.0.4' ],
20 silly audit   '@img/sharp-libvips-linux-arm': [ '1.0.5' ],
20 silly audit   '@img/sharp-libvips-linux-arm64': [ '1.0.4' ],
20 silly audit   '@img/sharp-libvips-linux-s390x': [ '1.0.4' ],
20 silly audit   '@img/sharp-libvips-linux-x64': [ '1.0.4' ],
20 silly audit   '@img/sharp-libvips-linuxmusl-arm64': [ '1.0.4' ],
20 silly audit   '@img/sharp-libvips-linuxmusl-x64': [ '1.0.4' ],
20 silly audit   '@img/sharp-linux-arm': [ '0.33.5' ],
20 silly audit   '@img/sharp-linux-arm64': [ '0.33.5' ],
20 silly audit   '@img/sharp-linux-s390x': [ '0.33.5' ],
20 silly audit   '@img/sharp-linux-x64': [ '0.33.5' ],
20 silly audit   '@img/sharp-linuxmusl-arm64': [ '0.33.5' ],
20 silly audit   '@img/sharp-linuxmusl-x64': [ '0.33.5' ],
20 silly audit   '@img/sharp-wasm32': [ '0.33.5' ],
20 silly audit   '@img/sharp-win32-ia32': [ '0.33.5' ],
20 silly audit   '@img/sharp-win32-x64': [ '0.33.5' ],
20 silly audit   '@isaacs/cliui': [ '8.0.2' ],
20 silly audit   '@jridgewell/gen-mapping': [ '0.3.8' ],
20 silly audit   '@jridgewell/resolve-uri': [ '3.1.2' ],
20 silly audit   '@jridgewell/set-array': [ '1.2.1' ],
20 silly audit   '@jridgewell/source-map': [ '0.3.6' ],
20 silly audit   '@jridgewell/sourcemap-codec': [ '1.5.0' ],
20 silly audit   '@jridgewell/trace-mapping': [ '0.3.25' ],
20 silly audit   '@next/env': [ '15.1.6' ],
20 silly audit   '@next/eslint-plugin-next': [ '15.1.6' ],
20 silly audit   '@next/swc-darwin-arm64': [ '15.1.6' ],
20 silly audit   '@next/swc-darwin-x64': [ '15.1.6' ],
20 silly audit   '@next/swc-linux-arm64-gnu': [ '15.1.6' ],
20 silly audit   '@next/swc-linux-arm64-musl': [ '15.1.6' ],
20 silly audit   '@next/swc-linux-x64-gnu': [ '15.1.6' ],
20 silly audit   '@next/swc-linux-x64-musl': [ '15.1.6' ],
20 silly audit   '@next/swc-win32-arm64-msvc': [ '15.1.6' ],
20 silly audit   '@next/swc-win32-x64-msvc': [ '15.1.6' ],
20 silly audit   '@nodelib/fs.scandir': [ '2.1.5' ],
20 silly audit   '@nodelib/fs.stat': [ '2.0.5' ],
20 silly audit   '@nodelib/fs.walk': [ '1.2.8' ],
20 silly audit   '@nolyfill/is-core-module': [ '1.0.39' ],
20 silly audit   '@pkgjs/parseargs': [ '0.11.0' ],
20 silly audit   '@rollup/plugin-babel': [ '5.3.1' ],
20 silly audit   '@rollup/plugin-node-resolve': [ '15.3.1' ],
20 silly audit   '@rollup/pluginutils': [ '5.1.4', '3.1.0' ],
20 silly audit   'estree-walker': [ '2.0.2', '1.0.1' ],
20 silly audit   picomatch: [ '4.0.2', '2.3.1' ],
20 silly audit   '@rollup/plugin-replace': [ '2.4.2' ],
20 silly audit   '@rollup/plugin-terser': [ '0.4.4' ],
20 silly audit   '@types/estree': [ '0.0.39', '1.0.6' ],
20 silly audit   '@rtsao/scc': [ '1.1.0' ],
20 silly audit   '@rushstack/eslint-patch': [ '1.10.5' ],
20 silly audit   '@surma/rollup-plugin-off-main-thread': [ '2.2.3' ],
20 silly audit   '@swc/counter': [ '0.1.3' ],
20 silly audit   '@swc/helpers': [ '0.5.15' ],
20 silly audit   '@types/eslint': [ '9.6.1' ],
20 silly audit   '@types/eslint-scope': [ '3.7.7' ],
20 silly audit   '@types/gensync': [ '1.0.4' ],
20 silly audit   '@types/json-schema': [ '7.0.15' ],
20 silly audit   '@types/json5': [ '0.0.29' ],
20 silly audit   '@types/node': [ '20.17.16' ],
20 silly audit   '@types/react': [ '19.0.8' ],
20 silly audit   '@types/react-dom': [ '19.0.3' ],
20 silly audit   '@types/resolve': [ '1.20.2' ],
20 silly audit   '@types/trusted-types': [ '2.0.7' ],
20 silly audit   '@typescript-eslint/eslint-plugin': [ '8.21.0' ],
20 silly audit   '@typescript-eslint/parser': [ '8.21.0' ],
20 silly audit   '@typescript-eslint/scope-manager': [ '8.21.0' ],
20 silly audit   '@typescript-eslint/type-utils': [ '8.21.0' ],
20 silly audit   '@typescript-eslint/types': [ '8.21.0' ],
20 silly audit   '@typescript-eslint/typescript-estree': [ '8.21.0' ],
20 silly audit   'brace-expansion': [ '2.0.1', '1.1.11' ],
20 silly audit   minimatch: [ '9.0.5', '5.1.6', '3.1.2' ],
20 silly audit   '@typescript-eslint/utils': [ '8.21.0' ],
20 silly audit   '@typescript-eslint/visitor-keys': [ '8.21.0' ],
20 silly audit   '@webassemblyjs/ast': [ '1.14.1' ],
20 silly audit   '@webassemblyjs/floating-point-hex-parser': [ '1.13.2' ],
20 silly audit   '@webassemblyjs/helper-api-error': [ '1.13.2' ],
20 silly audit   '@webassemblyjs/helper-buffer': [ '1.14.1' ],
20 silly audit   '@webassemblyjs/helper-numbers': [ '1.13.2' ],
20 silly audit   '@webassemblyjs/helper-wasm-bytecode': [ '1.13.2' ],
20 silly audit   '@webassemblyjs/helper-wasm-section': [ '1.14.1' ],
20 silly audit   '@webassemblyjs/ieee754': [ '1.13.2' ],
20 silly audit   '@webassemblyjs/leb128': [ '1.13.2' ],
20 silly audit   '@webassemblyjs/utf8': [ '1.13.2' ],
20 silly audit   '@webassemblyjs/wasm-edit': [ '1.14.1' ],
20 silly audit   '@webassemblyjs/wasm-gen': [ '1.14.1' ],
20 silly audit   '@webassemblyjs/wasm-opt': [ '1.14.1' ],
20 silly audit   '@webassemblyjs/wasm-parser': [ '1.14.1' ],
20 silly audit   '@webassemblyjs/wast-printer': [ '1.14.1' ],
20 silly audit   '@xtuc/ieee754': [ '1.2.0' ],
20 silly audit   '@xtuc/long': [ '4.2.2' ],
20 silly audit   acorn: [ '8.14.0' ],
20 silly audit   'acorn-jsx': [ '5.3.2' ],
20 silly audit   ajv: [ '6.12.6', '8.17.1' ],
20 silly audit   'ajv-formats': [ '2.1.1' ],
20 silly audit   'json-schema-traverse': [ '1.0.0', '0.4.1' ],
20 silly audit   'ajv-keywords': [ '3.5.2', '5.1.0' ],
20 silly audit   'ansi-regex': [ '6.1.0', '5.0.1' ],
20 silly audit   'ansi-styles': [ '4.3.0', '6.2.1' ],
20 silly audit   'any-promise': [ '1.3.0' ],
20 silly audit   anymatch: [ '3.1.3' ],
20 silly audit   arg: [ '5.0.2' ],
20 silly audit   argparse: [ '2.0.1' ],
20 silly audit   'aria-query': [ '5.3.2' ],
20 silly audit   'array-buffer-byte-length': [ '1.0.2' ],
20 silly audit   'array-includes': [ '3.1.8' ],
20 silly audit   'array.prototype.findlast': [ '1.2.5' ],
20 silly audit   'array.prototype.findlastindex': [ '1.2.5' ],
20 silly audit   'array.prototype.flat': [ '1.3.3' ],
20 silly audit   'array.prototype.flatmap': [ '1.3.3' ],
20 silly audit   'array.prototype.tosorted': [ '1.1.4' ],
20 silly audit   'arraybuffer.prototype.slice': [ '1.0.4' ],
20 silly audit   'ast-types-flow': [ '0.0.8' ],
20 silly audit   async: [ '3.2.6' ],
20 silly audit   'async-function': [ '1.0.0' ],
20 silly audit   'at-least-node': [ '1.0.0' ],
20 silly audit   'available-typed-arrays': [ '1.0.7' ],
20 silly audit   'axe-core': [ '4.10.2' ],
20 silly audit   'axobject-query': [ '4.1.0' ],
20 silly audit   'babel-plugin-polyfill-corejs2': [ '0.4.12' ],
20 silly audit   'babel-plugin-polyfill-corejs3': [ '0.11.1' ],
20 silly audit   'babel-plugin-polyfill-regenerator': [ '0.6.3' ],
20 silly audit   'balanced-match': [ '1.0.2' ],
20 silly audit   'binary-extensions': [ '2.3.0' ],
20 silly audit   braces: [ '3.0.3' ],
20 silly audit   browserslist: [ '4.24.4' ],
20 silly audit   'buffer-from': [ '1.1.2' ],
20 silly audit   busboy: [ '1.6.0' ],
20 silly audit   'call-bind': [ '1.0.8' ],
20 silly audit   'call-bind-apply-helpers': [ '1.0.1' ],
20 silly audit   'call-bound': [ '1.0.3' ],
20 silly audit   callsites: [ '3.1.0' ],
20 silly audit   'camelcase-css': [ '2.0.1' ],
20 silly audit   'caniuse-lite': [ '1.0.30001695' ],
20 silly audit   chalk: [ '4.1.2' ],
20 silly audit   chokidar: [ '3.6.0' ],
20 silly audit   'chrome-trace-event': [ '1.0.4' ],
20 silly audit   'client-only': [ '0.0.1' ],
20 silly audit   color: [ '4.2.3' ],
20 silly audit   'color-convert': [ '2.0.1' ],
20 silly audit   'color-name': [ '1.1.4' ],
20 silly audit   'color-string': [ '1.9.1' ],
20 silly audit   commander: [ '4.1.1', '2.20.3' ],
20 silly audit   'common-tags': [ '1.8.2' ],
20 silly audit   'concat-map': [ '0.0.1' ],
20 silly audit   'convert-source-map': [ '2.0.0' ],
20 silly audit   'core-js-compat': [ '3.40.0' ],
20 silly audit   'cross-spawn': [ '7.0.6' ],
20 silly audit   'crypto-random-string': [ '2.0.0' ],
20 silly audit   cssesc: [ '3.0.0' ],
20 silly audit   csstype: [ '3.1.3' ],
20 silly audit   'damerau-levenshtein': [ '1.0.8' ],
20 silly audit   'data-view-buffer': [ '1.0.2' ],
20 silly audit   'data-view-byte-length': [ '1.0.2' ],
20 silly audit   'data-view-byte-offset': [ '1.0.1' ],
20 silly audit   debug: [ '4.4.0', '3.2.7' ],
20 silly audit   'deep-is': [ '0.1.4' ],
20 silly audit   deepmerge: [ '4.3.1' ],
20 silly audit   'define-data-property': [ '1.1.4' ],
20 silly audit   'define-properties': [ '1.2.1' ],
20 silly audit   'detect-libc': [ '2.0.3' ],
20 silly audit   didyoumean: [ '1.2.2' ],
20 silly audit   dlv: [ '1.1.3' ],
20 silly audit   doctrine: [ '2.1.0' ],
20 silly audit   'dunder-proto': [ '1.0.1' ],
20 silly audit   eastasianwidth: [ '0.2.0' ],
20 silly audit   ejs: [ '3.1.10' ],
20 silly audit   'electron-to-chromium': [ '1.5.96' ],
20 silly audit   'emoji-regex': [ '9.2.2', '8.0.0' ],
20 silly audit   'enhanced-resolve': [ '5.18.0' ],
20 silly audit   'es-abstract': [ '1.23.9' ],
20 silly audit   'es-define-property': [ '1.0.1' ],
20 silly audit   'es-errors': [ '1.3.0' ],
20 silly audit   'es-iterator-helpers': [ '1.2.1' ],
20 silly audit   'es-module-lexer': [ '1.6.0' ],
20 silly audit   'es-object-atoms': [ '1.1.1' ],
20 silly audit   'es-set-tostringtag': [ '2.1.0' ],
20 silly audit   'es-shim-unscopables': [ '1.0.2' ],
20 silly audit   'es-to-primitive': [ '1.3.0' ],
20 silly audit   escalade: [ '3.2.0' ],
20 silly audit   'escape-string-regexp': [ '4.0.0' ],
20 silly audit   eslint: [ '9.19.0' ],
20 silly audit   'eslint-config-next': [ '15.1.6' ],
20 silly audit   'eslint-import-resolver-node': [ '0.3.9' ],
20 silly audit   'eslint-import-resolver-typescript': [ '3.7.0' ],
20 silly audit   'eslint-module-utils': [ '2.12.0' ],
20 silly audit   'eslint-plugin-import': [ '2.31.0' ],
20 silly audit   'eslint-plugin-jsx-a11y': [ '6.10.2' ],
20 silly audit   'eslint-plugin-react': [ '7.37.4' ],
20 silly audit   'eslint-plugin-react-hooks': [ '5.1.0' ],
20 silly audit   resolve: [ '2.0.0-next.5', '1.22.10' ],
20 silly audit   'eslint-scope': [ '8.2.0', '5.1.1' ],
20 silly audit   espree: [ '10.3.0' ],
20 silly audit   esquery: [ '1.6.0' ],
20 silly audit   esrecurse: [ '4.3.0' ],
20 silly audit   estraverse: [ '5.3.0', '4.3.0' ],
20 silly audit   esutils: [ '2.0.3' ],
20 silly audit   events: [ '3.3.0' ],
20 silly audit   'fast-deep-equal': [ '3.1.3' ],
20 silly audit   'fast-json-stable-stringify': [ '2.1.0' ],
20 silly audit   'fast-levenshtein': [ '2.0.6' ],
20 silly audit   'fast-uri': [ '3.0.6' ],
20 silly audit   fastq: [ '1.18.0' ],
20 silly audit   'file-entry-cache': [ '8.0.0' ],
20 silly audit   filelist: [ '1.0.4' ],
20 silly audit   'fill-range': [ '7.1.1' ],
20 silly audit   'find-up': [ '5.0.0' ],
20 silly audit   'flat-cache': [ '4.0.1' ],
20 silly audit   flatted: [ '3.3.2' ],
20 silly audit   'for-each': [ '0.3.4' ],
20 silly audit   'foreground-child': [ '3.3.0' ],
20 silly audit   'fs-extra': [ '9.1.0' ],
20 silly audit   'fs.realpath': [ '1.0.0' ],
20 silly audit   fsevents: [ '2.3.3' ],
20 silly audit   'function-bind': [ '1.1.2' ],
20 silly audit   'function.prototype.name': [ '1.1.8' ],
20 silly audit   'functions-have-names': [ '1.2.3' ],
20 silly audit   gensync: [ '1.0.0-beta.2' ],
20 silly audit   'get-intrinsic': [ '1.2.7' ],
20 silly audit   'get-own-enumerable-property-symbols': [ '3.0.2' ],
20 silly audit   'get-proto': [ '1.0.1' ],
20 silly audit   'get-symbol-description': [ '1.1.0' ],
20 silly audit   'get-tsconfig': [ '4.10.0' ],
20 silly audit   glob: [ '10.4.5', '7.2.3' ],
20 silly audit   'glob-to-regexp': [ '0.4.1' ],
20 silly audit   globalthis: [ '1.0.4' ],
20 silly audit   gopd: [ '1.2.0' ],
20 silly audit   'graceful-fs': [ '4.2.11' ],
20 silly audit   graphemer: [ '1.4.0' ],
20 silly audit   'has-bigints': [ '1.1.0' ],
20 silly audit   'has-flag': [ '4.0.0' ],
20 silly audit   'has-property-descriptors': [ '1.0.2' ],
20 silly audit   'has-proto': [ '1.2.0' ],
20 silly audit   'has-symbols': [ '1.1.0' ],
20 silly audit   'has-tostringtag': [ '1.0.2' ],
20 silly audit   hasown: [ '2.0.2' ],
20 silly audit   idb: [ '7.1.1' ],
20 silly audit   ignore: [ '5.3.2' ],
20 silly audit   'import-fresh': [ '3.3.0' ],
20 silly audit   imurmurhash: [ '0.1.4' ],
20 silly audit   inflight: [ '1.0.6' ],
20 silly audit   inherits: [ '2.0.4' ],
20 silly audit   'internal-slot': [ '1.1.0' ],
20 silly audit   'is-array-buffer': [ '3.0.5' ],
20 silly audit   'is-arrayish': [ '0.3.2' ],
20 silly audit   'is-async-function': [ '2.1.1' ],
20 silly audit   'is-bigint': [ '1.1.0' ],
20 silly audit   'is-binary-path': [ '2.1.0' ],
20 silly audit   'is-boolean-object': [ '1.2.1' ],
20 silly audit   'is-bun-module': [ '1.3.0' ],
20 silly audit   'is-callable': [ '1.2.7' ],
20 silly audit   'is-core-module': [ '2.16.1' ],
20 silly audit   'is-data-view': [ '1.0.2' ],
20 silly audit   'is-date-object': [ '1.1.0' ],
20 silly audit   'is-extglob': [ '2.1.1' ],
20 silly audit   'is-finalizationregistry': [ '1.1.1' ],
20 silly audit   'is-fullwidth-code-point': [ '3.0.0' ],
20 silly audit   'is-generator-function': [ '1.1.0' ],
20 silly audit   'is-glob': [ '4.0.3' ],
20 silly audit   'is-map': [ '2.0.3' ],
20 silly audit   'is-module': [ '1.0.0' ],
20 silly audit   'is-number': [ '7.0.0' ],
20 silly audit   'is-number-object': [ '1.1.1' ],
20 silly audit   'is-obj': [ '1.0.1' ],
20 silly audit   'is-regex': [ '1.2.1' ],
20 silly audit   'is-regexp': [ '1.0.0' ],
20 silly audit   'is-set': [ '2.0.3' ],
20 silly audit   'is-shared-array-buffer': [ '1.0.4' ],
20 silly audit   'is-stream': [ '2.0.1' ],
20 silly audit   'is-string': [ '1.1.1' ],
20 silly audit   'is-symbol': [ '1.1.1' ],
20 silly audit   'is-typed-array': [ '1.1.15' ],
20 silly audit   'is-weakmap': [ '2.0.2' ],
20 silly audit   'is-weakref': [ '1.1.0' ],
20 silly audit   'is-weakset': [ '2.0.4' ],
20 silly audit   isarray: [ '2.0.5' ],
20 silly audit   isexe: [ '2.0.0' ],
20 silly audit   'iterator.prototype': [ '1.1.5' ],
20 silly audit   jackspeak: [ '3.4.3' ],
20 silly audit   jake: [ '10.9.2' ],
20 silly audit   'jest-worker': [ '27.5.1' ],
20 silly audit   'supports-color': [ '8.1.1', '7.2.0' ],
20 silly audit   jiti: [ '1.21.7' ],
20 silly audit   'js-tokens': [ '4.0.0' ],
20 silly audit   'js-yaml': [ '4.1.0' ],
20 silly audit   jsesc: [ '3.1.0', '3.0.2' ],
20 silly audit   'json-buffer': [ '3.0.1' ],
20 silly audit   'json-parse-even-better-errors': [ '2.3.1' ],
20 silly audit   'json-schema': [ '0.4.0' ],
20 silly audit   'json-stable-stringify-without-jsonify': [ '1.0.1' ],
20 silly audit   jsonfile: [ '6.1.0' ],
20 silly audit   jsonpointer: [ '5.0.1' ],
20 silly audit   'jsx-ast-utils': [ '3.3.5' ],
20 silly audit   keyv: [ '4.5.4' ],
20 silly audit   'language-subtag-registry': [ '0.3.23' ],
20 silly audit   'language-tags': [ '1.0.9' ],
20 silly audit   leven: [ '3.1.0' ],
20 silly audit   levn: [ '0.4.1' ],
20 silly audit   lilconfig: [ '3.1.3' ],
20 silly audit   'lines-and-columns': [ '1.2.4' ],
20 silly audit   'loader-runner': [ '4.3.0' ],
20 silly audit   'locate-path': [ '6.0.0' ],
20 silly audit   lodash: [ '4.17.21' ],
20 silly audit   'lodash.debounce': [ '4.0.8' ],
20 silly audit   'lodash.merge': [ '4.6.2' ],
20 silly audit   'lodash.sortby': [ '4.7.0' ],
20 silly audit   'loose-envify': [ '1.4.0' ],
20 silly audit   'magic-string': [ '0.25.9' ],
20 silly audit   'math-intrinsics': [ '1.1.0' ],
20 silly audit   'merge-stream': [ '2.0.0' ],
20 silly audit   merge2: [ '1.4.1' ],
20 silly audit   micromatch: [ '4.0.8' ],
20 silly audit   'mime-db': [ '1.52.0' ],
20 silly audit   'mime-types': [ '2.1.35' ],
20 silly audit   minimist: [ '1.2.8' ],
20 silly audit   minipass: [ '7.1.2' ],
20 silly audit   ms: [ '2.1.3' ],
20 silly audit   mz: [ '2.7.0' ],
20 silly audit   nanoid: [ '3.3.8' ],
20 silly audit   'natural-compare': [ '1.4.0' ],
20 silly audit   'neo-async': [ '2.6.2' ],
20 silly audit   next: [ '15.1.6' ],
20 silly audit   postcss: [ '8.4.31', '8.5.1' ],
20 silly audit   'node-releases': [ '2.0.19' ],
20 silly audit   'normalize-path': [ '3.0.0' ],
20 silly audit   'object-assign': [ '4.1.1' ],
20 silly audit   'object-hash': [ '3.0.0' ],
20 silly audit   'object-inspect': [ '1.13.3' ],
20 silly audit   'object-keys': [ '1.1.1' ],
20 silly audit   'object.assign': [ '4.1.7' ],
20 silly audit   'object.entries': [ '1.1.8' ],
20 silly audit   'object.fromentries': [ '2.0.8' ],
20 silly audit   'object.groupby': [ '1.0.3' ],
20 silly audit   'object.values': [ '1.2.1' ],
20 silly audit   once: [ '1.4.0' ],
20 silly audit   optionator: [ '0.9.4' ],
20 silly audit   'own-keys': [ '1.0.1' ],
20 silly audit   'p-limit': [ '3.1.0' ],
20 silly audit   'p-locate': [ '5.0.0' ],
20 silly audit   'package-json-from-dist': [ '1.0.1' ],
20 silly audit   'parent-module': [ '1.0.1' ],
20 silly audit   'path-exists': [ '4.0.0' ],
20 silly audit   'path-is-absolute': [ '1.0.1' ],
20 silly audit   'path-key': [ '3.1.1' ],
20 silly audit   'path-parse': [ '1.0.7' ],
20 silly audit   'path-scurry': [ '1.11.1' ],
20 silly audit   picocolors: [ '1.1.1' ],
20 silly audit   pify: [ '2.3.0' ],
20 silly audit   pirates: [ '4.0.6' ],
20 silly audit   'possible-typed-array-names': [ '1.0.0' ],
20 silly audit   'postcss-import': [ '15.1.0' ],
20 silly audit   'postcss-js': [ '4.0.1' ],
20 silly audit   'postcss-load-config': [ '4.0.2' ],
20 silly audit   'postcss-nested': [ '6.2.0' ],
20 silly audit   'postcss-selector-parser': [ '6.1.2' ],
20 silly audit   'postcss-value-parser': [ '4.2.0' ],
20 silly audit   'prelude-ls': [ '1.2.1' ],
20 silly audit   'pretty-bytes': [ '5.6.0' ],
20 silly audit   'prop-types': [ '15.8.1' ],
20 silly audit   punycode: [ '2.3.1' ],
20 silly audit   'queue-microtask': [ '1.2.3' ],
20 silly audit   randombytes: [ '2.1.0' ],
20 silly audit   react: [ '19.0.0' ],
20 silly audit   'react-dom': [ '19.0.0' ],
20 silly audit   'react-is': [ '16.13.1' ],
20 silly audit   'read-cache': [ '1.0.0' ],
20 silly audit   readdirp: [ '3.6.0' ],
20 silly audit   'reflect.getprototypeof': [ '1.0.10' ],
20 silly audit   regenerate: [ '1.4.2' ],
20 silly audit   'regenerate-unicode-properties': [ '10.2.0' ],
20 silly audit   'regenerator-runtime': [ '0.14.1' ],
20 silly audit   'regenerator-transform': [ '0.15.2' ],
20 silly audit   'regexp.prototype.flags': [ '1.5.4' ],
20 silly audit   'regexpu-core': [ '6.2.0' ],
20 silly audit   regjsgen: [ '0.8.0' ],
20 silly audit   regjsparser: [ '0.12.0' ],
20 silly audit   'require-from-string': [ '2.0.2' ],
20 silly audit   'resolve-from': [ '4.0.0' ],
20 silly audit   'resolve-pkg-maps': [ '1.0.0' ],
20 silly audit   reusify: [ '1.0.4' ],
20 silly audit   rollup: [ '2.79.2' ],
20 silly audit   'run-parallel': [ '1.2.0' ],
20 silly audit   'safe-array-concat': [ '1.1.3' ],
20 silly audit   'safe-buffer': [ '5.2.1' ],
20 silly audit   'safe-push-apply': [ '1.0.0' ],
20 silly audit   'safe-regex-test': [ '1.1.0' ],
20 silly audit   scheduler: [ '0.25.0' ],
20 silly audit   'schema-utils': [ '3.3.0', '4.3.0' ],
20 silly audit   'serialize-javascript': [ '6.0.2' ],
20 silly audit   'set-function-length': [ '1.2.2' ],
20 silly audit   'set-function-name': [ '2.0.2' ],
20 silly audit   'set-proto': [ '1.0.0' ],
20 silly audit   sharp: [ '0.33.5' ],
20 silly audit   'shebang-command': [ '2.0.0' ],
20 silly audit   'shebang-regex': [ '3.0.0' ],
20 silly audit   'side-channel': [ '1.1.0' ],
20 silly audit   'side-channel-list': [ '1.0.0' ],
20 silly audit   'side-channel-map': [ '1.0.1' ],
20 silly audit   'side-channel-weakmap': [ '1.0.2' ],
20 silly audit   'signal-exit': [ '4.1.0' ],
20 silly audit   'simple-swizzle': [ '0.2.2' ],
20 silly audit   smob: [ '1.5.0' ],
20 silly audit   'source-list-map': [ '2.0.1' ],
20 silly audit   'source-map': [ '0.6.1', '0.8.0-beta.0' ],
20 silly audit   'source-map-js': [ '1.2.1' ],
20 silly audit   'source-map-support': [ '0.5.21' ],
20 silly audit   'sourcemap-codec': [ '1.4.8' ],
20 silly audit   'stable-hash': [ '0.0.4' ],
20 silly audit   streamsearch: [ '1.1.0' ],
20 silly audit   'string-width': [ '5.1.2', '4.2.3' ],
20 silly audit   'strip-ansi': [ '6.0.1', '7.1.0' ],
20 silly audit   'string.prototype.includes': [ '2.0.1' ],
20 silly audit   'string.prototype.matchall': [ '4.0.12' ],
20 silly audit   'string.prototype.repeat': [ '1.0.0' ],
20 silly audit   'string.prototype.trim': [ '1.2.10' ],
20 silly audit   'string.prototype.trimend': [ '1.0.9' ],
20 silly audit   'string.prototype.trimstart': [ '1.0.8' ],
20 silly audit   'stringify-object': [ '3.3.0' ],
20 silly audit   'strip-bom': [ '3.0.0' ],
20 silly audit   'strip-comments': [ '2.0.1' ],
20 silly audit   'strip-json-comments': [ '3.1.1' ],
20 silly audit   'styled-jsx': [ '5.1.6' ],
20 silly audit   sucrase: [ '3.35.0' ],
20 silly audit   'supports-preserve-symlinks-flag': [ '1.0.0' ],
20 silly audit   tailwindcss: [ '3.4.17' ],
20 silly audit   tapable: [ '2.2.1' ],
20 silly audit   'temp-dir': [ '2.0.0' ],
20 silly audit   tempy: [ '0.6.0' ],
20 silly audit   terser: [ '5.38.1' ],
20 silly audit   'terser-webpack-plugin': [ '5.3.11' ],
20 silly audit   thenify: [ '3.3.1' ],
20 silly audit   'thenify-all': [ '1.6.0' ],
20 silly audit   'to-regex-range': [ '5.0.1' ],
20 silly audit   tr46: [ '1.0.1' ],
20 silly audit   'ts-api-utils': [ '2.0.0' ],
20 silly audit   'ts-interface-checker': [ '0.1.13' ],
20 silly audit   'tsconfig-paths': [ '3.15.0' ],
20 silly audit   tslib: [ '2.8.1' ],
20 silly audit   'type-check': [ '0.4.0' ],
20 silly audit   'type-fest': [ '0.16.0' ],
20 silly audit   'typed-array-buffer': [ '1.0.3' ],
20 silly audit   'typed-array-byte-length': [ '1.0.3' ],
20 silly audit   'typed-array-byte-offset': [ '1.0.4' ],
20 silly audit   'typed-array-length': [ '1.0.7' ],
20 silly audit   typescript: [ '5.7.3' ],
20 silly audit   'unbox-primitive': [ '1.1.0' ],
20 silly audit   'undici-types': [ '6.19.8' ],
20 silly audit   'unicode-canonical-property-names-ecmascript': [ '2.0.1' ],
20 silly audit   'unicode-match-property-ecmascript': [ '2.0.0' ],
20 silly audit   'unicode-match-property-value-ecmascript': [ '2.2.0' ],
20 silly audit   'unicode-property-aliases-ecmascript': [ '2.1.0' ],
20 silly audit   'unique-string': [ '2.0.0' ],
20 silly audit   universalify: [ '2.0.1' ],
20 silly audit   upath: [ '1.2.0' ],
20 silly audit   'update-browserslist-db': [ '1.1.2' ],
20 silly audit   'uri-js': [ '4.4.1' ],
20 silly audit   'util-deprecate': [ '1.0.2' ],
20 silly audit   watchpack: [ '2.4.2' ],
20 silly audit   'webidl-conversions': [ '4.0.2' ],
20 silly audit   'webpack-sources': [ '3.2.3', '1.4.3' ],
20 silly audit   'whatwg-url': [ '7.1.0' ],
20 silly audit   which: [ '2.0.2' ],
20 silly audit   'which-boxed-primitive': [ '1.1.1' ],
20 silly audit   'which-builtin-type': [ '1.2.1' ],
20 silly audit   'which-collection': [ '1.0.2' ],
20 silly audit   'which-typed-array': [ '1.1.18' ],
20 silly audit   'word-wrap': [ '1.2.5' ],
20 silly audit   'workbox-background-sync': [ '7.1.0' ],
20 silly audit   'workbox-broadcast-update': [ '7.1.0' ],
20 silly audit   'workbox-build': [ '7.1.1', '7.1.0' ],
20 silly audit   '@apideck/better-ajv-errors': [ '0.3.6' ],
20 silly audit   'workbox-cacheable-response': [ '7.1.0' ],
20 silly audit   'workbox-core': [ '7.1.0' ],
20 silly audit   'workbox-expiration': [ '7.1.0' ],
20 silly audit   'workbox-google-analytics': [ '7.1.0' ],
20 silly audit   'workbox-navigation-preload': [ '7.1.0' ],
20 silly audit   'workbox-precaching': [ '7.1.0' ],
20 silly audit   'workbox-range-requests': [ '7.1.0' ],
20 silly audit   'workbox-recipes': [ '7.1.0' ],
20 silly audit   'workbox-routing': [ '7.1.0' ],
20 silly audit   'workbox-strategies': [ '7.1.0' ],
20 silly audit   'workbox-streams': [ '7.1.0' ],
20 silly audit   'workbox-sw': [ '7.1.0' ],
20 silly audit   'workbox-webpack-plugin': [ '7.1.0' ],
20 silly audit   'workbox-window': [ '7.1.0' ],
20 silly audit   'wrap-ansi': [ '8.1.0', '7.0.0' ],
20 silly audit   wrappy: [ '1.0.2' ],
20 silly audit   yallist: [ '3.1.1' ],
20 silly audit   yaml: [ '2.7.0' ],
20 silly audit   'yocto-queue': [ '0.1.0' ],
20 silly audit   webpack: [ '5.97.1' ]
20 silly audit }
21 verbose reify failed optional dependency C:\Users\thend\alx-pwa-0x01\alx-movie-app\node_modules\fsevents
22 silly reify mark deleted [
22 silly reify   'C:\\Users\\thend\\alx-pwa-0x01\\alx-movie-app\\node_modules\\fsevents'
22 silly reify ]
23 verbose reify failed optional dependency C:\Users\thend\alx-pwa-0x01\alx-movie-app\node_modules\@next\swc-win32-arm64-msvc
24 silly reify mark deleted [
24 silly reify   'C:\\Users\\thend\\alx-pwa-0x01\\alx-movie-app\\node_modules\\@next\\swc-win32-arm64-msvc'
24 silly reify ]
25 verbose reify failed optional dependency C:\Users\thend\alx-pwa-0x01\alx-movie-app\node_modules\@next\swc-linux-x64-musl
26 silly reify mark deleted [
26 silly reify   'C:\\Users\\thend\\alx-pwa-0x01\\alx-movie-app\\node_modules\\@next\\swc-linux-x64-musl'
26 silly reify ]
27 verbose reify failed optional dependency C:\Users\thend\alx-pwa-0x01\alx-movie-app\node_modules\@next\swc-linux-x64-gnu
28 silly reify mark deleted [
28 silly reify   'C:\\Users\\thend\\alx-pwa-0x01\\alx-movie-app\\node_modules\\@next\\swc-linux-x64-gnu'
28 silly reify ]
29 verbose reify failed optional dependency C:\Users\thend\alx-pwa-0x01\alx-movie-app\node_modules\@next\swc-linux-arm64-musl
30 silly reify mark deleted [
30 silly reify   'C:\\Users\\thend\\alx-pwa-0x01\\alx-movie-app\\node_modules\\@next\\swc-linux-arm64-musl'
30 silly reify ]
31 verbose reify failed optional dependency C:\Users\thend\alx-pwa-0x01\alx-movie-app\node_modules\@next\swc-linux-arm64-gnu
32 silly reify mark deleted [
32 silly reify   'C:\\Users\\thend\\alx-pwa-0x01\\alx-movie-app\\node_modules\\@next\\swc-linux-arm64-gnu'
32 silly reify ]
33 verbose reify failed optional dependency C:\Users\thend\alx-pwa-0x01\alx-movie-app\node_modules\@next\swc-darwin-x64
34 silly reify mark deleted [
34 silly reify   'C:\\Users\\thend\\alx-pwa-0x01\\alx-movie-app\\node_modules\\@next\\swc-darwin-x64'
34 silly reify ]
35 verbose reify failed optional dependency C:\Users\thend\alx-pwa-0x01\alx-movie-app\node_modules\@next\swc-darwin-arm64
36 silly reify mark deleted [
36 silly reify   'C:\\Users\\thend\\alx-pwa-0x01\\alx-movie-app\\node_modules\\@next\\swc-darwin-arm64'
36 silly reify ]
37 verbose reify failed optional dependency C:\Users\thend\alx-pwa-0x01\alx-movie-app\node_modules\@img\sharp-win32-ia32
38 silly reify mark deleted [
38 silly reify   'C:\\Users\\thend\\alx-pwa-0x01\\alx-movie-app\\node_modules\\@img\\sharp-win32-ia32'
38 silly reify ]
39 verbose reify failed optional dependency C:\Users\thend\alx-pwa-0x01\alx-movie-app\node_modules\@img\sharp-wasm32
40 silly reify mark deleted [
40 silly reify   'C:\\Users\\thend\\alx-pwa-0x01\\alx-movie-app\\node_modules\\@img\\sharp-wasm32'
40 silly reify ]
41 verbose reify failed optional dependency C:\Users\thend\alx-pwa-0x01\alx-movie-app\node_modules\@emnapi\runtime
42 silly reify mark deleted [
42 silly reify   'C:\\Users\\thend\\alx-pwa-0x01\\alx-movie-app\\node_modules\\@emnapi\\runtime'
42 silly reify ]
43 verbose reify failed optional dependency C:\Users\thend\alx-pwa-0x01\alx-movie-app\node_modules\@img\sharp-linuxmusl-x64
44 silly reify mark deleted [
44 silly reify   'C:\\Users\\thend\\alx-pwa-0x01\\alx-movie-app\\node_modules\\@img\\sharp-linuxmusl-x64'
44 silly reify ]
45 verbose reify failed optional dependency C:\Users\thend\alx-pwa-0x01\alx-movie-app\node_modules\@img\sharp-linuxmusl-arm64
46 silly reify mark deleted [
46 silly reify   'C:\\Users\\thend\\alx-pwa-0x01\\alx-movie-app\\node_modules\\@img\\sharp-linuxmusl-arm64'
46 silly reify ]
47 verbose reify failed optional dependency C:\Users\thend\alx-pwa-0x01\alx-movie-app\node_modules\@img\sharp-linux-x64
48 silly reify mark deleted [
48 silly reify   'C:\\Users\\thend\\alx-pwa-0x01\\alx-movie-app\\node_modules\\@img\\sharp-linux-x64'
48 silly reify ]
49 verbose reify failed optional dependency C:\Users\thend\alx-pwa-0x01\alx-movie-app\node_modules\@img\sharp-linux-s390x
50 silly reify mark deleted [
50 silly reify   'C:\\Users\\thend\\alx-pwa-0x01\\alx-movie-app\\node_modules\\@img\\sharp-linux-s390x'
50 silly reify ]
51 verbose reify failed optional dependency C:\Users\thend\alx-pwa-0x01\alx-movie-app\node_modules\@img\sharp-linux-arm64
52 silly reify mark deleted [
52 silly reify   'C:\\Users\\thend\\alx-pwa-0x01\\alx-movie-app\\node_modules\\@img\\sharp-linux-arm64'
52 silly reify ]
53 verbose reify failed optional dependency C:\Users\thend\alx-pwa-0x01\alx-movie-app\node_modules\@img\sharp-linux-arm
54 silly reify mark deleted [
54 silly reify   'C:\\Users\\thend\\alx-pwa-0x01\\alx-movie-app\\node_modules\\@img\\sharp-linux-arm'
54 silly reify ]
55 verbose reify failed optional dependency C:\Users\thend\alx-pwa-0x01\alx-movie-app\node_modules\@img\sharp-libvips-linuxmusl-x64
56 silly reify mark deleted [
56 silly reify   'C:\\Users\\thend\\alx-pwa-0x01\\alx-movie-app\\node_modules\\@img\\sharp-libvips-linuxmusl-x64'
56 silly reify ]
57 verbose reify failed optional dependency C:\Users\thend\alx-pwa-0x01\alx-movie-app\node_modules\@img\sharp-libvips-linuxmusl-arm64
58 silly reify mark deleted [
58 silly reify   'C:\\Users\\thend\\alx-pwa-0x01\\alx-movie-app\\node_modules\\@img\\sharp-libvips-linuxmusl-arm64'
58 silly reify ]
59 verbose reify failed optional dependency C:\Users\thend\alx-pwa-0x01\alx-movie-app\node_modules\@img\sharp-libvips-linux-x64
60 silly reify mark deleted [
60 silly reify   'C:\\Users\\thend\\alx-pwa-0x01\\alx-movie-app\\node_modules\\@img\\sharp-libvips-linux-x64'
60 silly reify ]
61 verbose reify failed optional dependency C:\Users\thend\alx-pwa-0x01\alx-movie-app\node_modules\@img\sharp-libvips-linux-s390x
62 silly reify mark deleted [
62 silly reify   'C:\\Users\\thend\\alx-pwa-0x01\\alx-movie-app\\node_modules\\@img\\sharp-libvips-linux-s390x'
62 silly reify ]
63 verbose reify failed optional dependency C:\Users\thend\alx-pwa-0x01\alx-movie-app\node_modules\@img\sharp-libvips-linux-arm64
64 silly reify mark deleted [
64 silly reify   'C:\\Users\\thend\\alx-pwa-0x01\\alx-movie-app\\node_modules\\@img\\sharp-libvips-linux-arm64'
64 silly reify ]
65 verbose reify failed optional dependency C:\Users\thend\alx-pwa-0x01\alx-movie-app\node_modules\@img\sharp-libvips-linux-arm
66 silly reify mark deleted [
66 silly reify   'C:\\Users\\thend\\alx-pwa-0x01\\alx-movie-app\\node_modules\\@img\\sharp-libvips-linux-arm'
66 silly reify ]
67 verbose reify failed optional dependency C:\Users\thend\alx-pwa-0x01\alx-movie-app\node_modules\@img\sharp-libvips-darwin-x64
68 silly reify mark deleted [
68 silly reify   'C:\\Users\\thend\\alx-pwa-0x01\\alx-movie-app\\node_modules\\@img\\sharp-libvips-darwin-x64'
68 silly reify ]
69 verbose reify failed optional dependency C:\Users\thend\alx-pwa-0x01\alx-movie-app\node_modules\@img\sharp-libvips-darwin-arm64
70 silly reify mark deleted [
70 silly reify   'C:\\Users\\thend\\alx-pwa-0x01\\alx-movie-app\\node_modules\\@img\\sharp-libvips-darwin-arm64'
70 silly reify ]
71 verbose reify failed optional dependency C:\Users\thend\alx-pwa-0x01\alx-movie-app\node_modules\@img\sharp-darwin-x64
72 silly reify mark deleted [
72 silly reify   'C:\\Users\\thend\\alx-pwa-0x01\\alx-movie-app\\node_modules\\@img\\sharp-darwin-x64'
72 silly reify ]
73 verbose reify failed optional dependency C:\Users\thend\alx-pwa-0x01\alx-movie-app\node_modules\@img\sharp-darwin-arm64
74 silly reify mark deleted [
74 silly reify   'C:\\Users\\thend\\alx-pwa-0x01\\alx-movie-app\\node_modules\\@img\\sharp-darwin-arm64'
74 silly reify ]
75 http fetch POST 200 https://registry.npmjs.org/-/npm/v1/security/advisories/bulk 876ms
76 silly audit report {}
77 silly ADD
78 silly ADD
79 silly ADD
80 silly ADD
81 silly ADD
82 silly ADD
83 silly ADD
84 silly ADD
85 silly ADD
86 silly ADD
87 silly ADD
88 silly ADD
89 silly ADD
90 silly ADD
91 silly ADD
92 silly ADD
93 silly ADD
94 silly ADD
95 silly ADD
96 silly ADD
97 silly ADD
98 silly ADD
99 silly ADD
100 silly ADD
101 silly ADD
102 silly ADD
103 silly ADD
104 verbose cwd C:\Users\thend\alx-pwa-0x01\alx-movie-app
105 verbose os Windows_NT 10.0.19045
106 verbose node v20.16.0
107 verbose npm  v10.8.1
108 verbose exit 0
109 info ok
